 Starting loop to make grid
 grid done
writing to results.txt
 Gauss-Legendre Quadrature integrals are  0.595340845682665     
  0.595340845682665       0.378014719933230     
 Gauss-Legendre Quadrature integral is   0.101849487014689     
 MC [20,25,50,100] P(x2<x1)=   0.499456856698163       0.546356291811632     
  0.513469173617277       0.498333278975067     
 MC [20,25,50,100] P(x3<x1)=   0.499456856698163       0.546356291811632     
  0.513469173617277       0.498333278975067     
 MC [20,25,50,100] P(x4<x1)=   0.310072258289628       0.331485359337799     
  0.304492144031138       0.302418003398527     
 Monte Carlo Integral result is   0.172856868591144       0.137575375385035     
  0.164635226015892       0.175560111584887     
 MC integrals           20  0.250000000000000               25
  0.240000000000000               50  0.240000000000000              100
  0.230000000000000     
 MC Halton integrals           20  0.250000000000000               25
  0.240000000000000               50  0.220000000000000              100
  0.230000000000000     
